<?xml version="1.0" encoding="UTF-8"?>
<!-- Generated by org.testng.reporters.JUnitXMLReporter -->
<testsuite ignored="1" hostname="Kushal" failures="0" tests="1" name="ValidateHomePageFunctionality" time="4.814" errors="0" timestamp="29 Sep 2023 15:52:17 GMT">
  <testcase classname="testcases.ValidateHomePageFunctionality" name="carWaleHomePageLoginVerify" time="4.31"/>
  <testcase classname="testcases.ValidateHomePageFunctionality" name="validateSearchButtonClick" time="0.0">
    <ignored/>
  </testcase> <!-- validateSearchButtonClick -->
</testsuite> <!-- ValidateHomePageFunctionality -->
