<?xml version="1.0" encoding="UTF-8"?>
<!-- Generated by org.testng.reporters.JUnitXMLReporter -->
<testsuite ignored="1" hostname="Kushal" failures="0" tests="1" name="ValidateHomePageFunctionality" time="2.663" errors="0" timestamp="25 Sep 2023 17:27:28 GMT">
  <testcase classname="testcases.ValidateHomePageFunctionality" name="carWaleHomePageLoginVerify" time="2.219"/>
  <testcase classname="testcases.ValidateHomePageFunctionality" name="validateSearchButtonClick" time="0.0">
    <ignored/>
  </testcase> <!-- validateSearchButtonClick -->
</testsuite> <!-- ValidateHomePageFunctionality -->
